android/app/build/intermediates/manifest_merge_blame_file/debug/manifest-merger-blame-debug-report.txt
1<?xml version="1.0" encoding="utf-8"?>
2<manifest xmlns:android="http://schemas.android.com/apk/res/android"
3    package="com.redditech"
4    android:versionCode="1"
5    android:versionName="1.0" >
6
7    <uses-sdk
8        android:minSdkVersion="21"
9        android:targetSdkVersion="30" />
10
11    <uses-permission android:name="android.permission.SYSTEM_ALERT_WINDOW" />
11-->src/debug/AndroidManifest.xml:5:5-77
11-->src/debug/AndroidManifest.xml:5:22-75
12    <uses-permission android:name="android.permission.INTERNET" />
12-->src/main/AndroidManifest.xml:2:3-64
12-->src/main/AndroidManifest.xml:2:20-62
13    <uses-permission android:name="android.permission.ACCESS_WIFI_STATE" />
13-->[com.facebook.flipper:flipper:0.99.0] AndroidManifest.xml:16:5-76
13-->[com.facebook.flipper:flipper:0.99.0] AndroidManifest.xml:16:22-73
14
15    <queries>
15-->[net.openid:appauth:0.8.1] AndroidManifest.xml:26:5-34:15
16        <intent>
16-->[net.openid:appauth:0.8.1] AndroidManifest.xml:27:9-33:18
17            <action android:name="android.intent.action.VIEW" />
17-->[net.openid:appauth:0.8.1] AndroidManifest.xml:28:13-65
17-->[net.openid:appauth:0.8.1] AndroidManifest.xml:28:21-62
18
19            <category android:name="android.intent.category.BROWSABLE" />
19-->[net.openid:appauth:0.8.1] AndroidManifest.xml:30:13-74
19-->[net.openid:appauth:0.8.1] AndroidManifest.xml:30:23-71
20
21            <data android:scheme="https" />
21-->[net.openid:appauth:0.8.1] AndroidManifest.xml:32:13-44
21-->[net.openid:appauth:0.8.1] AndroidManifest.xml:32:19-41
22        </intent>
23    </queries>
24
25    <application
25-->src/main/AndroidManifest.xml:3:3-10:17
26        android:name="com.redditech_vanilla.MainApplication"
26-->src/main/AndroidManifest.xml:3:16-47
27        android:allowBackup="false"
27-->src/main/AndroidManifest.xml:3:162-189
28        android:appComponentFactory="androidx.core.app.CoreComponentFactory"
28-->[androidx.core:core:1.5.0] AndroidManifest.xml:24:18-86
29        android:debuggable="true"
30        android:icon="@mipmap/ic_launcher"
30-->src/main/AndroidManifest.xml:3:81-115
31        android:label="@string/app_name"
31-->src/main/AndroidManifest.xml:3:48-80
32        android:roundIcon="@mipmap/ic_launcher_round"
32-->src/main/AndroidManifest.xml:3:116-161
33        android:testOnly="true"
34        android:theme="@style/AppTheme"
34-->src/main/AndroidManifest.xml:3:190-221
35        android:usesCleartextTraffic="true" >
35-->src/debug/AndroidManifest.xml:8:9-44
36        <activity android:name="com.facebook.react.devsupport.DevSettingsActivity" />
36-->src/debug/AndroidManifest.xml:11:9-86
36-->src/debug/AndroidManifest.xml:11:19-83
37        <activity
37-->src/main/AndroidManifest.xml:4:5-9:16
38            android:name="com.redditech_vanilla.MainActivity"
38-->src/main/AndroidManifest.xml:4:15-43
39            android:configChanges="keyboard|keyboardHidden|orientation|screenSize|uiMode"
39-->src/main/AndroidManifest.xml:4:77-154
40            android:label="@string/app_name"
40-->src/main/AndroidManifest.xml:4:44-76
41            android:launchMode="singleTask"
41-->src/main/AndroidManifest.xml:4:155-186
42            android:windowSoftInputMode="adjustResize" >
42-->src/main/AndroidManifest.xml:4:187-229
43            <intent-filter>
43-->src/main/AndroidManifest.xml:5:7-8:23
44                <action android:name="android.intent.action.MAIN" />
44-->src/main/AndroidManifest.xml:6:9-60
44-->src/main/AndroidManifest.xml:6:17-58
45
46                <category android:name="android.intent.category.LAUNCHER" />
46-->src/main/AndroidManifest.xml:7:9-68
46-->src/main/AndroidManifest.xml:7:19-66
47            </intent-filter>
48        </activity>
49
50        <provider
50-->[:react-native-webview] AndroidManifest.xml:10:9-18:20
51            android:name="com.reactnativecommunity.webview.RNCWebViewFileProvider"
51-->[:react-native-webview] AndroidManifest.xml:11:13-83
52            android:authorities="com.redditech.fileprovider"
52-->[:react-native-webview] AndroidManifest.xml:12:13-64
53            android:exported="false"
53-->[:react-native-webview] AndroidManifest.xml:13:13-37
54            android:grantUriPermissions="true" >
54-->[:react-native-webview] AndroidManifest.xml:14:13-47
55            <meta-data
55-->[:react-native-webview] AndroidManifest.xml:15:13-17:63
56                android:name="android.support.FILE_PROVIDER_PATHS"
56-->[:react-native-webview] AndroidManifest.xml:16:17-67
57                android:resource="@xml/file_provider_paths" />
57-->[:react-native-webview] AndroidManifest.xml:17:17-60
58        </provider>
59
60        <meta-data
60-->[com.github.bumptech.glide:okhttp3-integration:4.12.0] AndroidManifest.xml:11:9-13:43
61            android:name="com.bumptech.glide.integration.okhttp3.OkHttpGlideModule"
61-->[com.github.bumptech.glide:okhttp3-integration:4.12.0] AndroidManifest.xml:12:13-84
62            android:value="GlideModule" />
62-->[com.github.bumptech.glide:okhttp3-integration:4.12.0] AndroidManifest.xml:13:13-40
63
64        <activity
64-->[net.openid:appauth:0.8.1] AndroidManifest.xml:37:9-41:75
65            android:name="net.openid.appauth.AuthorizationManagementActivity"
65-->[net.openid:appauth:0.8.1] AndroidManifest.xml:38:13-78
66            android:exported="false"
66-->[net.openid:appauth:0.8.1] AndroidManifest.xml:39:13-37
67            android:launchMode="singleTask"
67-->[net.openid:appauth:0.8.1] AndroidManifest.xml:40:13-44
68            android:theme="@android:style/Theme.Translucent.NoTitleBar" />
68-->[net.openid:appauth:0.8.1] AndroidManifest.xml:41:13-72
69        <activity
69-->[net.openid:appauth:0.8.1] AndroidManifest.xml:42:9-53:20
70            android:name="net.openid.appauth.RedirectUriReceiverActivity"
70-->[net.openid:appauth:0.8.1] AndroidManifest.xml:43:13-74
71            android:exported="true" >
71-->[net.openid:appauth:0.8.1] AndroidManifest.xml:44:13-36
72            <intent-filter>
72-->[net.openid:appauth:0.8.1] AndroidManifest.xml:45:13-52:29
73                <action android:name="android.intent.action.VIEW" />
73-->[net.openid:appauth:0.8.1] AndroidManifest.xml:28:13-65
73-->[net.openid:appauth:0.8.1] AndroidManifest.xml:28:21-62
74
75                <category android:name="android.intent.category.DEFAULT" />
75-->[net.openid:appauth:0.8.1] AndroidManifest.xml:48:17-76
75-->[net.openid:appauth:0.8.1] AndroidManifest.xml:48:27-73
76                <category android:name="android.intent.category.BROWSABLE" />
76-->[net.openid:appauth:0.8.1] AndroidManifest.xml:30:13-74
76-->[net.openid:appauth:0.8.1] AndroidManifest.xml:30:23-71
77
78                <data android:scheme="com.redditech" />
78-->[net.openid:appauth:0.8.1] AndroidManifest.xml:32:13-44
78-->[net.openid:appauth:0.8.1] AndroidManifest.xml:32:19-41
79            </intent-filter>
80        </activity>
81    </application>
82
83</manifest>